<?xml version="1.0" encoding="UTF-8"?>
<!-- Generated by org.testng.reporters.JUnitReportReporter -->
<testsuite hostname="Shiyamala-Panneerselvam" failures="0" tests="2" name="junits.AnnotaionsExample" time="0.021" errors="0" timestamp="2022-03-27T09:49:20 IST" skipped="0">
  <testcase classname="junits.AnnotaionsExample" name="addTest2" time="0.001"/>
  <system-out/>
  <testcase classname="junits.AnnotaionsExample" name="addTest1" time="0.020"/>
  <system-out/>
</testsuite> <!-- junits.AnnotaionsExample -->
